{"D:\\Programming\\js\\jest_lection\\js\\depends_for_sum.js": {"path":"D:\\Programming\\js\\jest_lection\\js\\depends_for_sum.js","statementMap":{"0":{"start":{"line":2,"column":4},"end":{"line":2,"column":85}},"1":{"start":{"line":3,"column":4},"end":{"line":3,"column":13}},"2":{"start":{"line":6,"column":0},"end":{"line":6,"column":32}}},"fnMap":{"0":{"name":"initial","decl":{"start":{"line":1,"column":9},"end":{"line":1,"column":16}},"loc":{"start":{"line":1,"column":19},"end":{"line":4,"column":1}},"line":1}},"branchMap":{},"s":{"0":1,"1":1,"2":1},"f":{"0":1},"b":{},"_coverageSchema":"43e27e138ebf9cfc5966b082cf9a028302ed4184","hash":"93e04f52be33300aa22f00405f8118d4c0fee579"}
,"D:\\Programming\\js\\jest_lection\\js\\sum_functions.js": {"path":"D:\\Programming\\js\\jest_lection\\js\\sum_functions.js","statementMap":{"0":{"start":{"line":1,"column":16},"end":{"line":1,"column":44}},"1":{"start":{"line":4,"column":4},"end":{"line":4,"column":17}},"2":{"start":{"line":8,"column":4},"end":{"line":8,"column":37}},"3":{"start":{"line":12,"column":4},"end":{"line":20,"column":7}},"4":{"start":{"line":13,"column":8},"end":{"line":19,"column":16}},"5":{"start":{"line":14,"column":12},"end":{"line":18,"column":15}},"6":{"start":{"line":23,"column":0},"end":{"line":23,"column":39}},"7":{"start":{"line":24,"column":0},"end":{"line":24,"column":46}},"8":{"start":{"line":25,"column":0},"end":{"line":25,"column":37}}},"fnMap":{"0":{"name":"simple_sum","decl":{"start":{"line":3,"column":9},"end":{"line":3,"column":19}},"loc":{"start":{"line":3,"column":26},"end":{"line":5,"column":1}},"line":3},"1":{"name":"depending_sum","decl":{"start":{"line":7,"column":9},"end":{"line":7,"column":22}},"loc":{"start":{"line":7,"column":29},"end":{"line":9,"column":1}},"line":7},"2":{"name":"async_sum","decl":{"start":{"line":11,"column":9},"end":{"line":11,"column":18}},"loc":{"start":{"line":11,"column":25},"end":{"line":21,"column":1}},"line":11},"3":{"name":"(anonymous_3)","decl":{"start":{"line":12,"column":23},"end":{"line":12,"column":24}},"loc":{"start":{"line":12,"column":44},"end":{"line":20,"column":5}},"line":12},"4":{"name":"(anonymous_4)","decl":{"start":{"line":13,"column":19},"end":{"line":13,"column":20}},"loc":{"start":{"line":13,"column":25},"end":{"line":19,"column":9}},"line":13}},"branchMap":{},"s":{"0":1,"1":1,"2":3,"3":1,"4":1,"5":1,"6":1,"7":1,"8":1},"f":{"0":1,"1":3,"2":1,"3":1,"4":1},"b":{},"_coverageSchema":"43e27e138ebf9cfc5966b082cf9a028302ed4184","hash":"7926fb9f46f2840322480805549e35c601452f0f"}
,"D:\\Programming\\js\\jest_lection\\js\\video.js": {"path":"D:\\Programming\\js\\jest_lection\\js\\video.js","statementMap":{"0":{"start":{"line":1,"column":14},"end":{"line":5,"column":1}},"1":{"start":{"line":3,"column":8},"end":{"line":3,"column":20}},"2":{"start":{"line":7,"column":0},"end":{"line":7,"column":23}}},"fnMap":{"0":{"name":"(anonymous_0)","decl":{"start":{"line":2,"column":4},"end":{"line":2,"column":5}},"loc":{"start":{"line":2,"column":11},"end":{"line":4,"column":5}},"line":2}},"branchMap":{},"s":{"0":1,"1":1,"2":1},"f":{"0":1},"b":{},"_coverageSchema":"43e27e138ebf9cfc5966b082cf9a028302ed4184","hash":"ebda188120aaaa97d354063f5e1fee1092b32f7f"}
}
